<?xml version="1.0" encoding="UTF-8"?>
<!-- Generated by org.testng.reporters.JUnitXMLReporter -->
<testsuite ignored="0" hostname="Asutosh" failures="0" tests="3" name="Basic4" time="0.024" errors="0" timestamp="2024-07-28T20:47:58 IST">
  <testcase classname="com.S16_testNG_Tutorial.Basic4" name="HloanAPIlogin" time="0.002"/>
  <testcase classname="com.S16_testNG_Tutorial.Basic4" name="HloanMobilelogin" time="0.005"/>
  <testcase classname="com.S16_testNG_Tutorial.Basic4" name="HloanWeblogin" time="0.002"/>
</testsuite> <!-- Basic4 -->
