<?xml version="1.0" encoding="UTF-8"?>
<!-- Generated by org.testng.reporters.JUnitXMLReporter -->
<testsuite ignored="0" hostname="Asutosh" failures="0" tests="4" name="Basic2" time="0.027" errors="0" timestamp="2024-07-28T20:47:58 IST">
  <testcase classname="com.S16_testNG_Tutorial.Basic2" name="D1" time="0.001"/>
  <testcase classname="com.S16_testNG_Tutorial.Basic2" name="D2" time="0.007"/>
  <testcase classname="com.S16_testNG_Tutorial.Basic2" name="D3" time="0.002"/>
  <testcase classname="com.S16_testNG_Tutorial.Basic2" name="D4" time="0.004"/>
</testsuite> <!-- Basic2 -->
