<?xml version="1.0" encoding="UTF-8"?>
<!-- Generated by org.testng.reporters.JUnitXMLReporter -->
<testsuite ignored="0" hostname="Asutosh" failures="0" tests="3" name="Basic3" time="0.024" errors="0" timestamp="2024-07-28T20:47:58 IST">
  <testcase classname="com.S16_testNG_Tutorial.Basic3" name="PloanAPIlogin" time="0.002"/>
  <testcase classname="com.S16_testNG_Tutorial.Basic3" name="PloanMobilelogin" time="0.004"/>
  <testcase classname="com.S16_testNG_Tutorial.Basic3" name="PloanWeblogin" time="0.002"/>
</testsuite> <!-- Basic3 -->
