<?xml version="1.0" encoding="UTF-8"?>
<!-- Generated by org.testng.reporters.JUnitXMLReporter -->
<testsuite ignored="0" hostname="Asutosh" failures="0" tests="9" name="Test" time="0.105" errors="0" timestamp="2024-07-28T18:23:32 IST">
  <testcase classname="com.S16_testNG_Tutorial.Basic1" name="demo" time="0.006"/>
  <testcase classname="com.S16_testNG_Tutorial.Basic1" name="demo2" time="0.002"/>
  <testcase classname="com.S16_testNG_Tutorial.Basic2" name="D1" time="0.002"/>
  <testcase classname="com.S16_testNG_Tutorial.Basic2" name="D2" time="0.001"/>
  <testcase classname="com.S16_testNG_Tutorial.Basic2" name="D3" time="0.003"/>
  <testcase classname="com.S16_testNG_Tutorial.Basic2" name="D4" time="0.005"/>
  <testcase classname="com.S16_testNG_Tutorial.Basic4" name="HloanAPIlogin" time="0.003"/>
  <testcase classname="com.S16_testNG_Tutorial.Basic4" name="HloanMobilelogin" time="0.004"/>
  <testcase classname="com.S16_testNG_Tutorial.Basic4" name="HloanWeblogin" time="0.004"/>
</testsuite> <!-- Test -->
