<?xml version="1.0" encoding="UTF-8"?>
<testng-results ignored="0" total="12" passed="12" failed="0" skipped="0">
  <reporter-output>
  </reporter-output>
  <suite started-at="2024-07-28T20:47:58 IST" name="Suite" finished-at="2024-07-28T20:47:58 IST" duration-ms="188">
    <groups>
      <group name="smoke">
        <method signature="Basic2.D1(java.lang.String)[pri:0, instance:com.S16_testNG_Tutorial.Basic2@1e04fa0a]" name="D1" class="com.S16_testNG_Tutorial.Basic2"/>
        <method signature="Basic2.D3()[pri:0, instance:com.S16_testNG_Tutorial.Basic2@1e04fa0a]" name="D3" class="com.S16_testNG_Tutorial.Basic2"/>
        <method signature="Basic4.HloanAPIlogin()[pri:0, instance:com.S16_testNG_Tutorial.Basic4@6253c26]" name="HloanAPIlogin" class="com.S16_testNG_Tutorial.Basic4"/>
      </group> <!-- smoke -->
    </groups>
    <test started-at="2024-07-28T20:47:58 IST" name="Basic1" finished-at="2024-07-28T20:47:58 IST" duration-ms="35">
      <class name="com.S16_testNG_Tutorial.Basic1">
        <test-method signature="demo(java.lang.String)[pri:0, instance:com.S16_testNG_Tutorial.Basic1@27ff5d15]" started-at="2024-07-28T20:47:58 IST" name="demo" finished-at="2024-07-28T20:47:58 IST" duration-ms="4" status="PASS">
          <params>
            <param index="0">
              <value>
                <![CDATA[base.com]]>
              </value>
            </param>
          </params>
          <reporter-output>
          </reporter-output>
        </test-method> <!-- demo -->
        <test-method signature="demo2()[pri:0, instance:com.S16_testNG_Tutorial.Basic1@27ff5d15]" started-at="2024-07-28T20:47:58 IST" name="demo2" finished-at="2024-07-28T20:47:58 IST" duration-ms="1" status="PASS">
          <reporter-output>
          </reporter-output>
        </test-method> <!-- demo2 -->
      </class> <!-- com.S16_testNG_Tutorial.Basic1 -->
    </test> <!-- Basic1 -->
    <test started-at="2024-07-28T20:47:58 IST" name="Basic2" finished-at="2024-07-28T20:47:58 IST" duration-ms="27">
      <class name="com.S16_testNG_Tutorial.Basic2">
        <test-method signature="D1(java.lang.String)[pri:0, instance:com.S16_testNG_Tutorial.Basic2@1e04fa0a]" started-at="2024-07-28T20:47:58 IST" name="D1" finished-at="2024-07-28T20:47:58 IST" duration-ms="1" status="PASS">
          <params>
            <param index="0">
              <value>
                <![CDATA[devt.com]]>
              </value>
            </param>
          </params>
          <reporter-output>
          </reporter-output>
        </test-method> <!-- D1 -->
        <test-method signature="D2()[pri:0, instance:com.S16_testNG_Tutorial.Basic2@1e04fa0a]" started-at="2024-07-28T20:47:58 IST" name="D2" finished-at="2024-07-28T20:47:58 IST" duration-ms="7" status="PASS">
          <reporter-output>
          </reporter-output>
        </test-method> <!-- D2 -->
        <test-method signature="D3()[pri:0, instance:com.S16_testNG_Tutorial.Basic2@1e04fa0a]" started-at="2024-07-28T20:47:58 IST" name="D3" finished-at="2024-07-28T20:47:58 IST" duration-ms="2" status="PASS">
          <reporter-output>
          </reporter-output>
        </test-method> <!-- D3 -->
        <test-method signature="D4()[pri:0, instance:com.S16_testNG_Tutorial.Basic2@1e04fa0a]" started-at="2024-07-28T20:47:58 IST" name="D4" finished-at="2024-07-28T20:47:58 IST" duration-ms="4" status="PASS">
          <reporter-output>
          </reporter-output>
        </test-method> <!-- D4 -->
      </class> <!-- com.S16_testNG_Tutorial.Basic2 -->
    </test> <!-- Basic2 -->
    <test started-at="2024-07-28T20:47:58 IST" name="Basic3" finished-at="2024-07-28T20:47:58 IST" duration-ms="24">
      <class name="com.S16_testNG_Tutorial.Basic3">
        <test-method is-config="true" signature="beforetest()[pri:0, instance:com.S16_testNG_Tutorial.Basic3@2ea41516]" started-at="2024-07-28T20:47:58 IST" name="beforetest" finished-at="2024-07-28T20:47:58 IST" duration-ms="1" status="PASS">
          <reporter-output>
          </reporter-output>
        </test-method> <!-- beforetest -->
        <test-method is-config="true" signature="beforeevery()[pri:0, instance:com.S16_testNG_Tutorial.Basic3@2ea41516]" started-at="2024-07-28T20:47:58 IST" name="beforeevery" finished-at="2024-07-28T20:47:58 IST" duration-ms="1" status="PASS">
          <reporter-output>
          </reporter-output>
        </test-method> <!-- beforeevery -->
        <test-method signature="PloanAPIlogin()[pri:0, instance:com.S16_testNG_Tutorial.Basic3@2ea41516]" started-at="2024-07-28T20:47:58 IST" name="PloanAPIlogin" finished-at="2024-07-28T20:47:58 IST" duration-ms="2" status="PASS">
          <reporter-output>
          </reporter-output>
        </test-method> <!-- PloanAPIlogin -->
        <test-method is-config="true" signature="beforeevery()[pri:0, instance:com.S16_testNG_Tutorial.Basic3@2ea41516]" started-at="2024-07-28T20:47:58 IST" name="beforeevery" finished-at="2024-07-28T20:47:58 IST" duration-ms="2" status="PASS">
          <reporter-output>
          </reporter-output>
        </test-method> <!-- beforeevery -->
        <test-method signature="PloanMobilelogin()[pri:0, instance:com.S16_testNG_Tutorial.Basic3@2ea41516]" started-at="2024-07-28T20:47:58 IST" name="PloanMobilelogin" finished-at="2024-07-28T20:47:58 IST" duration-ms="4" status="PASS">
          <reporter-output>
          </reporter-output>
        </test-method> <!-- PloanMobilelogin -->
        <test-method is-config="true" signature="beforeevery()[pri:0, instance:com.S16_testNG_Tutorial.Basic3@2ea41516]" started-at="2024-07-28T20:47:58 IST" name="beforeevery" finished-at="2024-07-28T20:47:58 IST" duration-ms="1" status="PASS">
          <reporter-output>
          </reporter-output>
        </test-method> <!-- beforeevery -->
        <test-method signature="PloanWeblogin(java.lang.String)[pri:0, instance:com.S16_testNG_Tutorial.Basic3@2ea41516]" started-at="2024-07-28T20:47:58 IST" name="PloanWeblogin" finished-at="2024-07-28T20:47:58 IST" duration-ms="2" status="PASS">
          <params>
            <param index="0">
              <value>
                <![CDATA[personalloan.com]]>
              </value>
            </param>
          </params>
          <reporter-output>
          </reporter-output>
        </test-method> <!-- PloanWeblogin -->
        <test-method is-config="true" signature="aftertest()[pri:0, instance:com.S16_testNG_Tutorial.Basic3@2ea41516]" started-at="2024-07-28T20:47:58 IST" name="aftertest" finished-at="2024-07-28T20:47:58 IST" duration-ms="0" status="PASS">
          <reporter-output>
          </reporter-output>
        </test-method> <!-- aftertest -->
      </class> <!-- com.S16_testNG_Tutorial.Basic3 -->
    </test> <!-- Basic3 -->
    <test started-at="2024-07-28T20:47:58 IST" name="Basic4" finished-at="2024-07-28T20:47:58 IST" duration-ms="24">
      <class name="com.S16_testNG_Tutorial.Basic4">
        <test-method is-config="true" signature="firststSuite()[pri:0, instance:com.S16_testNG_Tutorial.Basic4@6253c26]" started-at="2024-07-28T20:47:58 IST" name="firststSuite" finished-at="2024-07-28T20:47:58 IST" duration-ms="8" status="PASS">
          <reporter-output>
          </reporter-output>
        </test-method> <!-- firststSuite -->
        <test-method is-config="true" signature="BeforeExcuteClass()[pri:0, instance:com.S16_testNG_Tutorial.Basic4@6253c26]" started-at="2024-07-28T20:47:58 IST" name="BeforeExcuteClass" finished-at="2024-07-28T20:47:58 IST" duration-ms="1" status="PASS">
          <reporter-output>
          </reporter-output>
        </test-method> <!-- BeforeExcuteClass -->
        <test-method signature="HloanAPIlogin()[pri:0, instance:com.S16_testNG_Tutorial.Basic4@6253c26]" started-at="2024-07-28T20:47:58 IST" name="HloanAPIlogin" finished-at="2024-07-28T20:47:58 IST" duration-ms="2" status="PASS">
          <reporter-output>
          </reporter-output>
        </test-method> <!-- HloanAPIlogin -->
        <test-method is-config="true" signature="afterevery()[pri:0, instance:com.S16_testNG_Tutorial.Basic4@6253c26]" started-at="2024-07-28T20:47:58 IST" name="afterevery" finished-at="2024-07-28T20:47:58 IST" duration-ms="1" status="PASS">
          <reporter-output>
          </reporter-output>
        </test-method> <!-- afterevery -->
        <test-method signature="HloanMobilelogin()[pri:0, instance:com.S16_testNG_Tutorial.Basic4@6253c26]" started-at="2024-07-28T20:47:58 IST" name="HloanMobilelogin" finished-at="2024-07-28T20:47:58 IST" duration-ms="5" status="PASS">
          <reporter-output>
          </reporter-output>
        </test-method> <!-- HloanMobilelogin -->
        <test-method is-config="true" signature="afterevery()[pri:0, instance:com.S16_testNG_Tutorial.Basic4@6253c26]" started-at="2024-07-28T20:47:58 IST" name="afterevery" finished-at="2024-07-28T20:47:58 IST" duration-ms="0" status="PASS">
          <reporter-output>
          </reporter-output>
        </test-method> <!-- afterevery -->
        <test-method signature="HloanWeblogin(java.lang.String)[pri:0, instance:com.S16_testNG_Tutorial.Basic4@6253c26]" started-at="2024-07-28T20:47:58 IST" name="HloanWeblogin" finished-at="2024-07-28T20:47:58 IST" duration-ms="2" status="PASS">
          <params>
            <param index="0">
              <value>
                <![CDATA[homeloan.com]]>
              </value>
            </param>
          </params>
          <reporter-output>
          </reporter-output>
        </test-method> <!-- HloanWeblogin -->
        <test-method is-config="true" signature="afterevery()[pri:0, instance:com.S16_testNG_Tutorial.Basic4@6253c26]" started-at="2024-07-28T20:47:58 IST" name="afterevery" finished-at="2024-07-28T20:47:58 IST" duration-ms="1" status="PASS">
          <reporter-output>
          </reporter-output>
        </test-method> <!-- afterevery -->
        <test-method is-config="true" signature="AfterExecuteClass()[pri:0, instance:com.S16_testNG_Tutorial.Basic4@6253c26]" started-at="2024-07-28T20:47:58 IST" name="AfterExecuteClass" finished-at="2024-07-28T20:47:58 IST" duration-ms="0" status="PASS">
          <reporter-output>
          </reporter-output>
        </test-method> <!-- AfterExecuteClass -->
        <test-method is-config="true" signature="LastSuite()[pri:0, instance:com.S16_testNG_Tutorial.Basic4@6253c26]" started-at="2024-07-28T20:47:58 IST" name="LastSuite" finished-at="2024-07-28T20:47:58 IST" duration-ms="5" status="PASS">
          <reporter-output>
          </reporter-output>
        </test-method> <!-- LastSuite -->
      </class> <!-- com.S16_testNG_Tutorial.Basic4 -->
    </test> <!-- Basic4 -->
  </suite> <!-- Suite -->
</testng-results>
